  File "/usr/local/python/3.14.2/lib/python3.14/site-packages/pyinfra_cli/cli.py", line 263, in cli
    _main(*args, **kwargs)
    ~~~~~^^^^^^^^^^^^^^^^^
  File "/usr/local/python/3.14.2/lib/python3.14/site-packages/pyinfra_cli/cli.py", line 448, in _main
    run_ops(state, serial=serial, no_wait=no_wait)
    ~~~~~~~^^^^^^^^^^^^^^^^^^^^^^^^^^^^^^^^^^^^^^^
  File "/usr/local/python/3.14.2/lib/python3.14/site-packages/pyinfra/api/operations.py", line 404, in run_ops
    _run_single_op(state, op_hash)
    ~~~~~~~~~~~~~~^^^^^^^^^^^^^^^^
  File "/usr/local/python/3.14.2/lib/python3.14/site-packages/pyinfra/api/operations.py", line 372, in _run_single_op
    if not greenlet.get():
           ~~~~~~~~~~~~^^
  File "src/gevent/greenlet.py", line 809, in gevent._gevent_cgreenlet.Greenlet.get
  File "src/gevent/greenlet.py", line 373, in gevent._gevent_cgreenlet.Greenlet._raise_exception
  File "/usr/local/python/3.14.2/lib/python3.14/site-packages/gevent/_compat.py", line 88, in reraise
    raise value.with_traceback(tb)
  File "src/gevent/greenlet.py", line 912, in gevent._gevent_cgreenlet.Greenlet.run
  File "/usr/local/python/3.14.2/lib/python3.14/site-packages/pyinfra/api/operations.py", line 254, in _run_host_op_with_context
    return run_host_op(state, host, op_hash)
    ^^^^^^^^^^^^^^^
  File "/usr/local/python/3.14.2/lib/python3.14/site-packages/pyinfra/api/operations.py", line 54, in run_host_op
    return _run_host_op(state, host, op_hash)
    ^^^^^^^^^^^^^^^
  File "/usr/local/python/3.14.2/lib/python3.14/site-packages/pyinfra/api/operations.py", line 95, in _run_host_op
    for command in op_data.command_generator():
    ^^^^^^^^^^^^^^^
  File "/usr/local/python/3.14.2/lib/python3.14/site-packages/pyinfra/api/operation.py", line 340, in command_generator
    for command in func(*args, **kwargs):
    ^^^^^^^
  File "/usr/local/python/3.14.2/lib/python3.14/site-packages/pyinfra/operations/files.py", line 1992, in block
    current = host.get_fact(Block, path=path, marker=marker, begin=begin, end=end)
      ^^^^^^^^^^^^^^^^^
  File "/usr/local/python/3.14.2/lib/python3.14/site-packages/pyinfra/api/host.py", line 370, in get_fact
    return get_fact(self.state, self, name_or_cls, args=args, kwargs=kwargs)
    ^^^^^^^^^^^^^^^
  File "/usr/local/python/3.14.2/lib/python3.14/site-packages/pyinfra/api/facts.py", line 210, in get_fact
    return _get_fact(
    ^^^^^^^^^^^^^^^
  File "/usr/local/python/3.14.2/lib/python3.14/site-packages/pyinfra/api/facts.py", line 292, in _get_fact
    command = _make_command(fact.command, fact_kwargs)
      ^^^^^^^^^^^^^^^^^
  File "/usr/local/python/3.14.2/lib/python3.14/site-packages/pyinfra/api/facts.py", line 140, in _make_command
    return command_attribute(**host_args)
    ^^^^^^^^^^^^^^^
  File "/usr/local/python/3.14.2/lib/python3.14/site-packages/pyinfra/facts/files.py", line 639, in command
    raise ValueError(f"delimiters for block must be different but found only '{start}'")
    ^^^^^^^^^^^
ValueError: delimiters for block must be different but found only '# ANSIBLE MANAGED BLOCK: bin of user'
